
*** Running vivado
    with args -log termometre.vds -m64 -product Vivado -mode batch -messageDb vivado.pb -notrace -source termometre.tcl


****** Vivado v2017.3 (64-bit)
  **** SW Build 2018833 on Wed Oct  4 19:58:22 MDT 2017
  **** IP Build 2016188 on Wed Oct  4 21:52:56 MDT 2017
    ** Copyright 1986-2017 Xilinx, Inc. All Rights Reserved.

source termometre.tcl -notrace
Command: synth_design -top termometre -part xc7a35tcpg236-1
Starting synth_design
Attempting to get a license for feature 'Synthesis' and/or device 'xc7a35t'
INFO: [Common 17-349] Got license for feature 'Synthesis' and/or device 'xc7a35t'
INFO: Launching helper process for spawning children vivado processes
INFO: Helper process launched with PID 9012 
---------------------------------------------------------------------------------
Starting RTL Elaboration : Time (s): cpu = 00:00:06 ; elapsed = 00:00:06 . Memory (MB): peak = 345.504 ; gain = 95.016
---------------------------------------------------------------------------------
INFO: [Synth 8-638] synthesizing module 'termometre' [D:/ME/FPGA CD_rev2_1/deney9_adc/digital_termometre/adc_digital_termometre/adc_digital_termometre.srcs/sources_1/new/termometre.vhd:54]
	Parameter init_d bound to: 4000000 - type: integer 
	Parameter com_dl bound to: 200000 - type: integer 
	Parameter com_ds bound to: 5000 - type: integer 
INFO: [Synth 8-256] done synthesizing module 'termometre' (1#1) [D:/ME/FPGA CD_rev2_1/deney9_adc/digital_termometre/adc_digital_termometre/adc_digital_termometre.srcs/sources_1/new/termometre.vhd:54]
---------------------------------------------------------------------------------
Finished RTL Elaboration : Time (s): cpu = 00:00:07 ; elapsed = 00:00:08 . Memory (MB): peak = 386.645 ; gain = 136.156
---------------------------------------------------------------------------------

Report Check Netlist: 
+------+------------------+-------+---------+-------+------------------+
|      |Item              |Errors |Warnings |Status |Description       |
+------+------------------+-------+---------+-------+------------------+
|1     |multi_driven_nets |      0|        0|Passed |Multi driven nets |
+------+------------------+-------+---------+-------+------------------+
---------------------------------------------------------------------------------
Finished RTL Optimization Phase 1 : Time (s): cpu = 00:00:07 ; elapsed = 00:00:08 . Memory (MB): peak = 386.645 ; gain = 136.156
---------------------------------------------------------------------------------
INFO: [Device 21-403] Loading part xc7a35tcpg236-1
INFO: [Project 1-570] Preparing netlist for logic optimization

Processing XDC Constraints
Initializing timing engine
Parsing XDC File [D:/ME/FPGA CD_rev2_1/deney9_adc/digital_termometre/adc_digital_termometre/adc_digital_termometre.srcs/constrs_1/imports/Desktop/Basys3_Master.xdc]
Finished Parsing XDC File [D:/ME/FPGA CD_rev2_1/deney9_adc/digital_termometre/adc_digital_termometre/adc_digital_termometre.srcs/constrs_1/imports/Desktop/Basys3_Master.xdc]
INFO: [Project 1-236] Implementation specific constraints were found while reading constraint file [D:/ME/FPGA CD_rev2_1/deney9_adc/digital_termometre/adc_digital_termometre/adc_digital_termometre.srcs/constrs_1/imports/Desktop/Basys3_Master.xdc]. These constraints will be ignored for synthesis but will be used in implementation. Impacted constraints are listed in the file [.Xil/termometre_propImpl.xdc].
Resolution: To avoid this warning, move constraints listed in [.Xil/termometre_propImpl.xdc] to another XDC file and exclude this new file from synthesis with the used_in_synthesis property (File Properties dialog in GUI) and re-run elaboration/synthesis.
Completed Processing XDC Constraints

INFO: [Project 1-111] Unisim Transformation Summary:
No Unisim elements were transformed.

Constraint Validation Runtime : Time (s): cpu = 00:00:00 ; elapsed = 00:00:00.006 . Memory (MB): peak = 684.820 ; gain = 0.000
---------------------------------------------------------------------------------
Finished Constraint Validation : Time (s): cpu = 00:00:19 ; elapsed = 00:00:20 . Memory (MB): peak = 684.820 ; gain = 434.332
---------------------------------------------------------------------------------
---------------------------------------------------------------------------------
Start Loading Part and Timing Information
---------------------------------------------------------------------------------
Loading part: xc7a35tcpg236-1
---------------------------------------------------------------------------------
Finished Loading Part and Timing Information : Time (s): cpu = 00:00:19 ; elapsed = 00:00:20 . Memory (MB): peak = 684.820 ; gain = 434.332
---------------------------------------------------------------------------------
---------------------------------------------------------------------------------
Start Applying 'set_property' XDC Constraints
---------------------------------------------------------------------------------
---------------------------------------------------------------------------------
Finished applying 'set_property' XDC Constraints : Time (s): cpu = 00:00:19 ; elapsed = 00:00:20 . Memory (MB): peak = 684.820 ; gain = 434.332
---------------------------------------------------------------------------------
INFO: [Synth 8-802] inferred FSM for state register 'adim_reg' in module 'termometre'
INFO: [Synth 8-5546] ROM "clock_5hz" won't be mapped to RAM because it is too sparse
INFO: [Synth 8-5544] ROM "ra0" won't be mapped to Block RAM because address size (4) smaller than threshold (5)
INFO: [Synth 8-5544] ROM "adim" won't be mapped to Block RAM because address size (1) smaller than threshold (5)
WARNING: [Synth 8-6014] Unused sequential element counter_for_adc_reg was removed.  [D:/ME/FPGA CD_rev2_1/deney9_adc/digital_termometre/adc_digital_termometre/adc_digital_termometre.srcs/sources_1/new/termometre.vhd:94]
WARNING: [Synth 8-6014] Unused sequential element i_reg was removed.  [D:/ME/FPGA CD_rev2_1/deney9_adc/digital_termometre/adc_digital_termometre/adc_digital_termometre.srcs/sources_1/new/termometre.vhd:264]
INFO: [Synth 8-5546] ROM "clock_5hz" won't be mapped to RAM because it is too sparse
INFO: [Synth 8-5544] ROM "ra0" won't be mapped to Block RAM because address size (4) smaller than threshold (5)
INFO: [Synth 8-5544] ROM "adim" won't be mapped to Block RAM because address size (1) smaller than threshold (5)
---------------------------------------------------------------------------------------------------
                   State |                     New Encoding |                Previous Encoding 
---------------------------------------------------------------------------------------------------
                  iSTATE |                            00000 |                            00000
                 iSTATE0 |                            00001 |                            00001
                 iSTATE1 |                            00010 |                            00010
                 iSTATE2 |                            00011 |                            00011
                 iSTATE3 |                            00100 |                            00100
                 iSTATE4 |                            00101 |                            00101
                 iSTATE5 |                            00110 |                            00110
                 iSTATE6 |                            00111 |                            00111
                 iSTATE7 |                            01000 |                            01000
                 iSTATE8 |                            01001 |                            01001
                 iSTATE9 |                            01010 |                            01010
                iSTATE10 |                            01011 |                            01011
                iSTATE11 |                            01100 |                            01100
                iSTATE12 |                            01101 |                            01101
                iSTATE13 |                            01110 |                            01110
                iSTATE14 |                            01111 |                            01111
                iSTATE15 |                            10000 |                            10000
                iSTATE16 |                            10001 |                            10001
                iSTATE17 |                            10010 |                            10010
                iSTATE18 |                            10011 |                            10011
                iSTATE19 |                            10100 |                            10100
                iSTATE20 |                            10101 |                            10101
                iSTATE21 |                            10110 |                            10110
                iSTATE22 |                            10111 |                            10111
---------------------------------------------------------------------------------------------------
INFO: [Synth 8-3354] encoded FSM with state register 'adim_reg' using encoding 'sequential' in module 'termometre'
WARNING: [Synth 8-327] inferring latch for variable 'rb5_reg' [D:/ME/FPGA CD_rev2_1/deney9_adc/digital_termometre/adc_digital_termometre/adc_digital_termometre.srcs/sources_1/new/termometre.vhd:128]
---------------------------------------------------------------------------------
Finished RTL Optimization Phase 2 : Time (s): cpu = 00:00:20 ; elapsed = 00:00:21 . Memory (MB): peak = 684.820 ; gain = 434.332
---------------------------------------------------------------------------------

Report RTL Partitions: 
+-+--------------+------------+----------+
| |RTL Partition |Replication |Instances |
+-+--------------+------------+----------+
+-+--------------+------------+----------+
---------------------------------------------------------------------------------
Start RTL Component Statistics 
---------------------------------------------------------------------------------
Detailed RTL Component Info : 
+---Adders : 
	   2 Input     24 Bit       Adders := 1     
	   2 Input     23 Bit       Adders := 1     
	   2 Input      8 Bit       Adders := 2     
	   2 Input      7 Bit       Adders := 4     
	   2 Input      6 Bit       Adders := 3     
	   2 Input      5 Bit       Adders := 1     
	   2 Input      4 Bit       Adders := 1     
+---Registers : 
	               24 Bit    Registers := 1     
	               23 Bit    Registers := 1     
	                7 Bit    Registers := 1     
	                6 Bit    Registers := 1     
	                4 Bit    Registers := 1     
	                1 Bit    Registers := 2     
+---Muxes : 
	   2 Input     24 Bit        Muxes := 1     
	   2 Input     23 Bit        Muxes := 6     
	  24 Input     23 Bit        Muxes := 1     
	  44 Input      8 Bit        Muxes := 1     
	  24 Input      7 Bit        Muxes := 1     
	   2 Input      6 Bit        Muxes := 1     
	  25 Input      5 Bit        Muxes := 1     
	  44 Input      4 Bit        Muxes := 1     
	   2 Input      1 Bit        Muxes := 6     
	  24 Input      1 Bit        Muxes := 3     
---------------------------------------------------------------------------------
Finished RTL Component Statistics 
---------------------------------------------------------------------------------
---------------------------------------------------------------------------------
Start RTL Hierarchical Component Statistics 
---------------------------------------------------------------------------------
Hierarchical RTL Component report 
Module termometre 
Detailed RTL Component Info : 
+---Adders : 
	   2 Input     24 Bit       Adders := 1     
	   2 Input     23 Bit       Adders := 1     
	   2 Input      8 Bit       Adders := 2     
	   2 Input      7 Bit       Adders := 4     
	   2 Input      6 Bit       Adders := 3     
	   2 Input      5 Bit       Adders := 1     
	   2 Input      4 Bit       Adders := 1     
+---Registers : 
	               24 Bit    Registers := 1     
	               23 Bit    Registers := 1     
	                7 Bit    Registers := 1     
	                6 Bit    Registers := 1     
	                4 Bit    Registers := 1     
	                1 Bit    Registers := 2     
+---Muxes : 
	   2 Input     24 Bit        Muxes := 1     
	   2 Input     23 Bit        Muxes := 6     
	  24 Input     23 Bit        Muxes := 1     
	  44 Input      8 Bit        Muxes := 1     
	  24 Input      7 Bit        Muxes := 1     
	   2 Input      6 Bit        Muxes := 1     
	  25 Input      5 Bit        Muxes := 1     
	  44 Input      4 Bit        Muxes := 1     
	   2 Input      1 Bit        Muxes := 6     
	  24 Input      1 Bit        Muxes := 3     
---------------------------------------------------------------------------------
Finished RTL Hierarchical Component Statistics
---------------------------------------------------------------------------------
---------------------------------------------------------------------------------
Start Part Resource Summary
---------------------------------------------------------------------------------
Part Resources:
DSPs: 90 (col length:60)
BRAMs: 100 (col length: RAMB18 60 RAMB36 30)
---------------------------------------------------------------------------------
Finished Part Resource Summary
---------------------------------------------------------------------------------
---------------------------------------------------------------------------------
Start Cross Boundary and Area Optimization
---------------------------------------------------------------------------------
INFO: [Synth 8-5546] ROM "clock_5hz" won't be mapped to RAM because it is too sparse
WARNING: [Synth 8-6014] Unused sequential element counter_for_adc_reg was removed.  [D:/ME/FPGA CD_rev2_1/deney9_adc/digital_termometre/adc_digital_termometre/adc_digital_termometre.srcs/sources_1/new/termometre.vhd:94]
WARNING: [Synth 8-6014] Unused sequential element i_reg was removed.  [D:/ME/FPGA CD_rev2_1/deney9_adc/digital_termometre/adc_digital_termometre/adc_digital_termometre.srcs/sources_1/new/termometre.vhd:264]
---------------------------------------------------------------------------------
Finished Cross Boundary and Area Optimization : Time (s): cpu = 00:00:22 ; elapsed = 00:00:24 . Memory (MB): peak = 684.820 ; gain = 434.332
---------------------------------------------------------------------------------

Report RTL Partitions: 
+-+--------------+------------+----------+
| |RTL Partition |Replication |Instances |
+-+--------------+------------+----------+
+-+--------------+------------+----------+
---------------------------------------------------------------------------------
Start Applying XDC Timing Constraints
---------------------------------------------------------------------------------
---------------------------------------------------------------------------------
Finished Applying XDC Timing Constraints : Time (s): cpu = 00:00:34 ; elapsed = 00:00:36 . Memory (MB): peak = 684.820 ; gain = 434.332
---------------------------------------------------------------------------------
---------------------------------------------------------------------------------
Start Timing Optimization
---------------------------------------------------------------------------------
---------------------------------------------------------------------------------
Finished Timing Optimization : Time (s): cpu = 00:00:35 ; elapsed = 00:00:36 . Memory (MB): peak = 688.578 ; gain = 438.090
---------------------------------------------------------------------------------

Report RTL Partitions: 
+-+--------------+------------+----------+
| |RTL Partition |Replication |Instances |
+-+--------------+------------+----------+
+-+--------------+------------+----------+
---------------------------------------------------------------------------------
Start Technology Mapping
---------------------------------------------------------------------------------
---------------------------------------------------------------------------------
Finished Technology Mapping : Time (s): cpu = 00:00:35 ; elapsed = 00:00:37 . Memory (MB): peak = 690.715 ; gain = 440.227
---------------------------------------------------------------------------------

Report RTL Partitions: 
+-+--------------+------------+----------+
| |RTL Partition |Replication |Instances |
+-+--------------+------------+----------+
+-+--------------+------------+----------+
---------------------------------------------------------------------------------
Start IO Insertion
---------------------------------------------------------------------------------
---------------------------------------------------------------------------------
Start Flattening Before IO Insertion
---------------------------------------------------------------------------------
---------------------------------------------------------------------------------
Finished Flattening Before IO Insertion
---------------------------------------------------------------------------------
---------------------------------------------------------------------------------
Start Final Netlist Cleanup
---------------------------------------------------------------------------------
---------------------------------------------------------------------------------
Finished Final Netlist Cleanup
---------------------------------------------------------------------------------
---------------------------------------------------------------------------------
Finished IO Insertion : Time (s): cpu = 00:00:36 ; elapsed = 00:00:38 . Memory (MB): peak = 690.715 ; gain = 440.227
---------------------------------------------------------------------------------

Report Check Netlist: 
+------+------------------+-------+---------+-------+------------------+
|      |Item              |Errors |Warnings |Status |Description       |
+------+------------------+-------+---------+-------+------------------+
|1     |multi_driven_nets |      0|        0|Passed |Multi driven nets |
+------+------------------+-------+---------+-------+------------------+
---------------------------------------------------------------------------------
Start Renaming Generated Instances
---------------------------------------------------------------------------------
---------------------------------------------------------------------------------
Finished Renaming Generated Instances : Time (s): cpu = 00:00:36 ; elapsed = 00:00:38 . Memory (MB): peak = 690.715 ; gain = 440.227
---------------------------------------------------------------------------------

Report RTL Partitions: 
+-+--------------+------------+----------+
| |RTL Partition |Replication |Instances |
+-+--------------+------------+----------+
+-+--------------+------------+----------+
---------------------------------------------------------------------------------
Start Rebuilding User Hierarchy
---------------------------------------------------------------------------------
---------------------------------------------------------------------------------
Finished Rebuilding User Hierarchy : Time (s): cpu = 00:00:36 ; elapsed = 00:00:38 . Memory (MB): peak = 690.715 ; gain = 440.227
---------------------------------------------------------------------------------
---------------------------------------------------------------------------------
Start Renaming Generated Ports
---------------------------------------------------------------------------------
---------------------------------------------------------------------------------
Finished Renaming Generated Ports : Time (s): cpu = 00:00:36 ; elapsed = 00:00:38 . Memory (MB): peak = 690.715 ; gain = 440.227
---------------------------------------------------------------------------------
---------------------------------------------------------------------------------
Start Handling Custom Attributes
---------------------------------------------------------------------------------
---------------------------------------------------------------------------------
Finished Handling Custom Attributes : Time (s): cpu = 00:00:36 ; elapsed = 00:00:38 . Memory (MB): peak = 690.715 ; gain = 440.227
---------------------------------------------------------------------------------
---------------------------------------------------------------------------------
Start Renaming Generated Nets
---------------------------------------------------------------------------------
---------------------------------------------------------------------------------
Finished Renaming Generated Nets : Time (s): cpu = 00:00:36 ; elapsed = 00:00:38 . Memory (MB): peak = 690.715 ; gain = 440.227
---------------------------------------------------------------------------------
---------------------------------------------------------------------------------
Start Writing Synthesis Report
---------------------------------------------------------------------------------

Report BlackBoxes: 
+-+--------------+----------+
| |BlackBox name |Instances |
+-+--------------+----------+
+-+--------------+----------+

Report Cell Usage: 
+------+-------+------+
|      |Cell   |Count |
+------+-------+------+
|1     |BUFG   |     1|
|2     |CARRY4 |    18|
|3     |LUT1   |     2|
|4     |LUT2   |    18|
|5     |LUT3   |    35|
|6     |LUT4   |    17|
|7     |LUT5   |    50|
|8     |LUT6   |    75|
|9     |MUXF7  |    22|
|10    |FDRE   |    71|
|11    |LD     |     8|
|12    |IBUF   |     9|
|13    |OBUF   |     8|
+------+-------+------+

Report Instance Areas: 
+------+---------+-------+------+
|      |Instance |Module |Cells |
+------+---------+-------+------+
|1     |top      |       |   334|
+------+---------+-------+------+
---------------------------------------------------------------------------------
Finished Writing Synthesis Report : Time (s): cpu = 00:00:36 ; elapsed = 00:00:38 . Memory (MB): peak = 690.715 ; gain = 440.227
---------------------------------------------------------------------------------
Synthesis finished with 0 errors, 0 critical warnings and 5 warnings.
Synthesis Optimization Runtime : Time (s): cpu = 00:00:23 ; elapsed = 00:00:32 . Memory (MB): peak = 690.715 ; gain = 142.051
Synthesis Optimization Complete : Time (s): cpu = 00:00:36 ; elapsed = 00:00:38 . Memory (MB): peak = 690.715 ; gain = 440.227
INFO: [Project 1-571] Translating synthesized netlist
INFO: [Netlist 29-17] Analyzing 57 Unisim elements for replacement
INFO: [Netlist 29-28] Unisim Transformation completed in 0 CPU seconds
INFO: [Project 1-570] Preparing netlist for logic optimization
INFO: [Opt 31-138] Pushed 1 inverter(s) to 8 load pin(s).
INFO: [Project 1-111] Unisim Transformation Summary:
  A total of 8 instances were transformed.
  LD => LDCE (inverted pins: G): 8 instances

INFO: [Common 17-83] Releasing license: Synthesis
23 Infos, 5 Warnings, 0 Critical Warnings and 0 Errors encountered.
synth_design completed successfully
synth_design: Time (s): cpu = 00:00:37 ; elapsed = 00:00:40 . Memory (MB): peak = 690.715 ; gain = 451.746
INFO: [Common 17-1381] The checkpoint 'D:/ME/FPGA CD_rev2_1/deney9_adc/digital_termometre/adc_digital_termometre/adc_digital_termometre.runs/synth_1/termometre.dcp' has been generated.
INFO: [runtcl-4] Executing : report_utilization -file termometre_utilization_synth.rpt -pb termometre_utilization_synth.pb
report_utilization: Time (s): cpu = 00:00:00 ; elapsed = 00:00:00.033 . Memory (MB): peak = 690.715 ; gain = 0.000
INFO: [Common 17-206] Exiting Vivado at Mon Jul  9 20:23:05 2018...
