Copyright 1986-2017 Xilinx, Inc. All Rights Reserved.
-----------------------------------------------------------------------------------------------------------------------------------------------
| Tool Version : Vivado v.2017.3 (win64) Build 2018833 Wed Oct  4 19:58:22 MDT 2017
| Date         : Mon Jul  9 20:24:06 2018
| Host         : A00134636 running 64-bit Service Pack 1  (build 7601)
| Command      : report_timing_summary -file termometre_timing_summary_routed.rpt -warn_on_violation -rpx termometre_timing_summary_routed.rpx
| Design       : termometre
| Device       : 7a35t-cpg236
| Speed File   : -1  PRODUCTION 1.19 2017-08-11
-----------------------------------------------------------------------------------------------------------------------------------------------

Timing Summary Report

------------------------------------------------------------------------------------------------
| Timer Settings
| --------------
------------------------------------------------------------------------------------------------

  Enable Multi Corner Analysis               :  Yes
  Enable Pessimism Removal                   :  Yes
  Pessimism Removal Resolution               :  Nearest Common Node
  Enable Input Delay Default Clock           :  No
  Enable Preset / Clear Arcs                 :  No
  Disable Flight Delays                      :  No
  Ignore I/O Paths                           :  No
  Timing Early Launch at Borrowing Latches   :  false

  Corner  Analyze    Analyze    
  Name    Max Paths  Min Paths  
  ------  ---------  ---------  
  Slow    Yes        Yes        
  Fast    Yes        Yes        



check_timing report

Table of Contents
-----------------
1. checking no_clock
2. checking constant_clock
3. checking pulse_width_clock
4. checking unconstrained_internal_endpoints
5. checking no_input_delay
6. checking no_output_delay
7. checking multiple_clock
8. checking generated_clocks
9. checking loops
10. checking partial_input_delay
11. checking partial_output_delay
12. checking latch_loops

1. checking no_clock
--------------------
 There are 6 register/latch pins with no clock driven by root clock pin: clock_5hz_reg/Q (HIGH)

 There are 8 register/latch pins with no clock driven by root clock pin: ra0_reg/Q (HIGH)


2. checking constant_clock
--------------------------
 There are 0 register/latch pins with constant_clock.


3. checking pulse_width_clock
-----------------------------
 There are 0 register/latch pins which need pulse_width check


4. checking unconstrained_internal_endpoints
--------------------------------------------
 There are 14 pins that are not constrained for maximum delay. (HIGH)

 There are 0 pins that are not constrained for maximum delay due to constant clock.


5. checking no_input_delay
--------------------------
 There are 8 input ports with no input delay specified. (HIGH)

 There are 0 input ports with no input delay but user has a false path constraint.


6. checking no_output_delay
---------------------------
 There are 8 ports with no output delay specified. (HIGH)

 There are 0 ports with no output delay but user has a false path constraint

 There are 0 ports with no output delay but with a timing clock defined on it or propagating through it


7. checking multiple_clock
--------------------------
 There are 0 register/latch pins with multiple clocks.


8. checking generated_clocks
----------------------------
 There are 0 generated clocks that are not connected to a clock source.


9. checking loops
-----------------
 There are 0 combinational loops in the design.


10. checking partial_input_delay
--------------------------------
 There are 0 input ports with partial input delay specified.


11. checking partial_output_delay
---------------------------------
 There are 0 ports with partial output delay specified.


12. checking latch_loops
------------------------
 There are 0 combinational latch loops in the design through latch input



------------------------------------------------------------------------------------------------
| Design Timing Summary
| ---------------------
------------------------------------------------------------------------------------------------

    WNS(ns)      TNS(ns)  TNS Failing Endpoints  TNS Total Endpoints      WHS(ns)      THS(ns)  THS Failing Endpoints  THS Total Endpoints     WPWS(ns)     TPWS(ns)  TPWS Failing Endpoints  TPWS Total Endpoints  
    -------      -------  ---------------------  -------------------      -------      -------  ---------------------  -------------------     --------     --------  ----------------------  --------------------  
      2.708        0.000                      0                  106        0.225        0.000                      0                  106        4.500        0.000                       0                    67  


All user specified timing constraints are met.


------------------------------------------------------------------------------------------------
| Clock Summary
| -------------
------------------------------------------------------------------------------------------------

Clock        Waveform(ns)       Period(ns)      Frequency(MHz)
-----        ------------       ----------      --------------
sys_clk_pin  {0.000 5.000}      10.000          100.000         


------------------------------------------------------------------------------------------------
| Intra Clock Table
| -----------------
------------------------------------------------------------------------------------------------

Clock             WNS(ns)      TNS(ns)  TNS Failing Endpoints  TNS Total Endpoints      WHS(ns)      THS(ns)  THS Failing Endpoints  THS Total Endpoints     WPWS(ns)     TPWS(ns)  TPWS Failing Endpoints  TPWS Total Endpoints  
-----             -------      -------  ---------------------  -------------------      -------      -------  ---------------------  -------------------     --------     --------  ----------------------  --------------------  
sys_clk_pin         2.708        0.000                      0                  106        0.225        0.000                      0                  106        4.500        0.000                       0                    67  


------------------------------------------------------------------------------------------------
| Inter Clock Table
| -----------------
------------------------------------------------------------------------------------------------

From Clock    To Clock          WNS(ns)      TNS(ns)  TNS Failing Endpoints  TNS Total Endpoints      WHS(ns)      THS(ns)  THS Failing Endpoints  THS Total Endpoints  
----------    --------          -------      -------  ---------------------  -------------------      -------      -------  ---------------------  -------------------  


------------------------------------------------------------------------------------------------
| Other Path Groups Table
| -----------------------
------------------------------------------------------------------------------------------------

Path Group    From Clock    To Clock          WNS(ns)      TNS(ns)  TNS Failing Endpoints  TNS Total Endpoints      WHS(ns)      THS(ns)  THS Failing Endpoints  THS Total Endpoints  
----------    ----------    --------          -------      -------  ---------------------  -------------------      -------      -------  ---------------------  -------------------  


------------------------------------------------------------------------------------------------
| Timing Details
| --------------
------------------------------------------------------------------------------------------------


---------------------------------------------------------------------------------------------------
From Clock:  sys_clk_pin
  To Clock:  sys_clk_pin

Setup :            0  Failing Endpoints,  Worst Slack        2.708ns,  Total Violation        0.000ns
Hold  :            0  Failing Endpoints,  Worst Slack        0.225ns,  Total Violation        0.000ns
PW    :            0  Failing Endpoints,  Worst Slack        4.500ns,  Total Violation        0.000ns
---------------------------------------------------------------------------------------------------


Max Delay Paths
--------------------------------------------------------------------------------------
Slack (MET) :             2.708ns  (required time - arrival time)
  Source:                 sayac_reg[0]/C
                            (rising edge-triggered cell FDRE clocked by sys_clk_pin  {rise@0.000ns fall@5.000ns period=10.000ns})
  Destination:            FSM_sequential_adim_reg[2]/CE
                            (rising edge-triggered cell FDRE clocked by sys_clk_pin  {rise@0.000ns fall@5.000ns period=10.000ns})
  Path Group:             sys_clk_pin
  Path Type:              Setup (Max at Slow Process Corner)
  Requirement:            10.000ns  (sys_clk_pin rise@10.000ns - sys_clk_pin rise@0.000ns)
  Data Path Delay:        7.081ns  (logic 2.939ns (41.506%)  route 4.142ns (58.494%))
  Logic Levels:           11  (CARRY4=7 LUT2=1 LUT3=1 LUT5=2)
  Clock Path Skew:        0.029ns (DCD - SCD + CPR)
    Destination Clock Delay (DCD):    4.841ns = ( 14.841 - 10.000 ) 
    Source Clock Delay      (SCD):    5.070ns
    Clock Pessimism Removal (CPR):    0.258ns
  Clock Uncertainty:      0.035ns  ((TSJ^2 + TIJ^2)^1/2 + DJ) / 2 + PE
    Total System Jitter     (TSJ):    0.071ns
    Total Input Jitter      (TIJ):    0.000ns
    Discrete Jitter          (DJ):    0.000ns
    Phase Error              (PE):    0.000ns

    Location             Delay type                Incr(ns)  Path(ns)    Netlist Resource(s)
  -------------------------------------------------------------------    -------------------
                         (clock sys_clk_pin rise edge)
                                                      0.000     0.000 r  
    W5                                                0.000     0.000 r  USER_CLK (IN)
                         net (fo=0)                   0.000     0.000    USER_CLK
    W5                   IBUF (Prop_ibuf_I_O)         1.458     1.458 r  USER_CLK_IBUF_inst/O
                         net (fo=1, routed)           1.967     3.425    USER_CLK_IBUF
    BUFGCTRL_X0Y0        BUFG (Prop_bufg_I_O)         0.096     3.521 r  USER_CLK_IBUF_BUFG_inst/O
                         net (fo=66, routed)          1.549     5.070    USER_CLK_IBUF_BUFG
    SLICE_X8Y66          FDRE                                         r  sayac_reg[0]/C
  -------------------------------------------------------------------    -------------------
    SLICE_X8Y66          FDRE (Prop_fdre_C_Q)         0.518     5.588 r  sayac_reg[0]/Q
                         net (fo=7, routed)           0.813     6.400    sayac_reg_n_0_[0]
    SLICE_X4Y64          CARRY4 (Prop_carry4_CYINIT_CO[3])
                                                      0.580     6.980 r  sayac_reg[4]_i_4/CO[3]
                         net (fo=1, routed)           0.000     6.980    sayac_reg[4]_i_4_n_0
    SLICE_X4Y65          CARRY4 (Prop_carry4_CI_CO[3])
                                                      0.114     7.094 r  sayac_reg[8]_i_4/CO[3]
                         net (fo=1, routed)           0.000     7.094    sayac_reg[8]_i_4_n_0
    SLICE_X4Y66          CARRY4 (Prop_carry4_CI_CO[3])
                                                      0.114     7.208 r  sayac_reg[12]_i_4/CO[3]
                         net (fo=1, routed)           0.000     7.208    sayac_reg[12]_i_4_n_0
    SLICE_X4Y67          CARRY4 (Prop_carry4_CI_CO[3])
                                                      0.114     7.322 r  sayac_reg[16]_i_4/CO[3]
                         net (fo=1, routed)           0.000     7.322    sayac_reg[16]_i_4_n_0
    SLICE_X4Y68          CARRY4 (Prop_carry4_CI_CO[3])
                                                      0.114     7.436 r  sayac_reg[20]_i_4/CO[3]
                         net (fo=1, routed)           0.000     7.436    sayac_reg[20]_i_4_n_0
    SLICE_X4Y69          CARRY4 (Prop_carry4_CI_O[1])
                                                      0.334     7.770 f  sayac_reg[22]_i_7/O[1]
                         net (fo=5, routed)           0.631     8.402    p_0_in[22]
    SLICE_X6Y67          LUT2 (Prop_lut2_I0_O)        0.303     8.705 r  sayac[22]_i_17/O
                         net (fo=1, routed)           0.000     8.705    sayac[22]_i_17_n_0
    SLICE_X6Y67          CARRY4 (Prop_carry4_S[3]_CO[3])
                                                      0.376     9.081 r  sayac_reg[22]_i_8/CO[3]
                         net (fo=24, routed)          1.004    10.084    sayac_reg[22]_i_8_n_0
    SLICE_X2Y64          LUT3 (Prop_lut3_I2_O)        0.124    10.208 r  FSM_sequential_adim[4]_i_10/O
                         net (fo=1, routed)           0.412    10.621    FSM_sequential_adim[4]_i_10_n_0
    SLICE_X1Y65          LUT5 (Prop_lut5_I0_O)        0.124    10.745 r  FSM_sequential_adim[4]_i_4/O
                         net (fo=1, routed)           0.648    11.393    FSM_sequential_adim[4]_i_4_n_0
    SLICE_X0Y65          LUT5 (Prop_lut5_I2_O)        0.124    11.517 r  FSM_sequential_adim[4]_i_1/O
                         net (fo=5, routed)           0.634    12.151    FSM_sequential_adim[4]_i_1_n_0
    SLICE_X7Y66          FDRE                                         r  FSM_sequential_adim_reg[2]/CE
  -------------------------------------------------------------------    -------------------

                         (clock sys_clk_pin rise edge)
                                                     10.000    10.000 r  
    W5                                                0.000    10.000 r  USER_CLK (IN)
                         net (fo=0)                   0.000    10.000    USER_CLK
    W5                   IBUF (Prop_ibuf_I_O)         1.388    11.388 r  USER_CLK_IBUF_inst/O
                         net (fo=1, routed)           1.862    13.250    USER_CLK_IBUF
    BUFGCTRL_X0Y0        BUFG (Prop_bufg_I_O)         0.091    13.341 r  USER_CLK_IBUF_BUFG_inst/O
                         net (fo=66, routed)          1.500    14.841    USER_CLK_IBUF_BUFG
    SLICE_X7Y66          FDRE                                         r  FSM_sequential_adim_reg[2]/C
                         clock pessimism              0.258    15.099    
                         clock uncertainty           -0.035    15.064    
    SLICE_X7Y66          FDRE (Setup_fdre_C_CE)      -0.205    14.859    FSM_sequential_adim_reg[2]
  -------------------------------------------------------------------
                         required time                         14.859    
                         arrival time                         -12.151    
  -------------------------------------------------------------------
                         slack                                  2.708    





Min Delay Paths
--------------------------------------------------------------------------------------
Slack (MET) :             0.225ns  (arrival time - required time)
  Source:                 i_reg[3]/C
                            (rising edge-triggered cell FDRE clocked by sys_clk_pin  {rise@0.000ns fall@5.000ns period=10.000ns})
  Destination:            i_reg[5]/D
                            (rising edge-triggered cell FDRE clocked by sys_clk_pin  {rise@0.000ns fall@5.000ns period=10.000ns})
  Path Group:             sys_clk_pin
  Path Type:              Hold (Min at Fast Process Corner)
  Requirement:            0.000ns  (sys_clk_pin rise@0.000ns - sys_clk_pin rise@0.000ns)
  Data Path Delay:        0.329ns  (logic 0.186ns (56.490%)  route 0.143ns (43.510%))
  Logic Levels:           1  (LUT6=1)
  Clock Path Skew:        0.013ns (DCD - SCD - CPR)
    Destination Clock Delay (DCD):    1.978ns
    Source Clock Delay      (SCD):    1.465ns
    Clock Pessimism Removal (CPR):    0.500ns

    Location             Delay type                Incr(ns)  Path(ns)    Netlist Resource(s)
  -------------------------------------------------------------------    -------------------
                         (clock sys_clk_pin rise edge)
                                                      0.000     0.000 r  
    W5                                                0.000     0.000 r  USER_CLK (IN)
                         net (fo=0)                   0.000     0.000    USER_CLK
    W5                   IBUF (Prop_ibuf_I_O)         0.226     0.226 r  USER_CLK_IBUF_inst/O
                         net (fo=1, routed)           0.631     0.858    USER_CLK_IBUF
    BUFGCTRL_X0Y0        BUFG (Prop_bufg_I_O)         0.026     0.884 r  USER_CLK_IBUF_BUFG_inst/O
                         net (fo=66, routed)          0.582     1.465    USER_CLK_IBUF_BUFG
    SLICE_X4Y70          FDRE                                         r  i_reg[3]/C
  -------------------------------------------------------------------    -------------------
    SLICE_X4Y70          FDRE (Prop_fdre_C_Q)         0.141     1.606 r  i_reg[3]/Q
                         net (fo=22, routed)          0.143     1.749    i_reg__0[3]
    SLICE_X5Y70          LUT6 (Prop_lut6_I4_O)        0.045     1.794 r  i[5]_i_2/O
                         net (fo=1, routed)           0.000     1.794    p_0_in__0[5]
    SLICE_X5Y70          FDRE                                         r  i_reg[5]/D
  -------------------------------------------------------------------    -------------------

                         (clock sys_clk_pin rise edge)
                                                      0.000     0.000 r  
    W5                                                0.000     0.000 r  USER_CLK (IN)
                         net (fo=0)                   0.000     0.000    USER_CLK
    W5                   IBUF (Prop_ibuf_I_O)         0.414     0.414 r  USER_CLK_IBUF_inst/O
                         net (fo=1, routed)           0.685     1.099    USER_CLK_IBUF
    BUFGCTRL_X0Y0        BUFG (Prop_bufg_I_O)         0.029     1.128 r  USER_CLK_IBUF_BUFG_inst/O
                         net (fo=66, routed)          0.850     1.978    USER_CLK_IBUF_BUFG
    SLICE_X5Y70          FDRE                                         r  i_reg[5]/C
                         clock pessimism             -0.500     1.478    
    SLICE_X5Y70          FDRE (Hold_fdre_C_D)         0.091     1.569    i_reg[5]
  -------------------------------------------------------------------
                         required time                         -1.569    
                         arrival time                           1.794    
  -------------------------------------------------------------------
                         slack                                  0.225    





Pulse Width Checks
--------------------------------------------------------------------------------------
Clock Name:         sys_clk_pin
Waveform(ns):       { 0.000 5.000 }
Period(ns):         10.000
Sources:            { USER_CLK }

Check Type        Corner  Lib Pin  Reference Pin  Required(ns)  Actual(ns)  Slack(ns)  Location       Pin
Min Period        n/a     BUFG/I   n/a            2.155         10.000      7.845      BUFGCTRL_X0Y0  USER_CLK_IBUF_BUFG_inst/I
Low Pulse Width   Slow    FDRE/C   n/a            0.500         5.000       4.500      SLICE_X0Y64    lcd_reg[2]/C
High Pulse Width  Slow    FDRE/C   n/a            0.500         5.000       4.500      SLICE_X7Y66    FSM_sequential_adim_reg[4]/C



