#-----------------------------------------------------------
# Vivado v2017.3 (64-bit)
# SW Build 2018833 on Wed Oct  4 19:58:22 MDT 2017
# IP Build 2016188 on Wed Oct  4 21:52:56 MDT 2017
# Start of session at: Sat Jul  7 12:14:02 2018
# Process ID: 7400
# Current directory: D:/ME/FPGA CD_rev2_1/dc_motor/uygulama_1/dc_motor_1
# Command line: vivado.exe -gui_launcher_event rodinguilauncherevent8500 D:\ME\FPGA CD_rev2_1\dc_motor\uygulama_1\dc_motor_1\dc_motor_1.xpr
# Log file: D:/ME/FPGA CD_rev2_1/dc_motor/uygulama_1/dc_motor_1/vivado.log
# Journal file: D:/ME/FPGA CD_rev2_1/dc_motor/uygulama_1/dc_motor_1\vivado.jou
#-----------------------------------------------------------
start_gui
open_project {D:/ME/FPGA CD_rev2_1/dc_motor/uygulama_1/dc_motor_1/dc_motor_1.xpr}
Scanning sources...
Finished scanning sources
INFO: [IP_Flow 19-234] Refreshing IP repositories
INFO: [IP_Flow 19-1704] No user IP repositories specified
INFO: [IP_Flow 19-2313] Loaded Vivado IP repository 'C:/Xilinx/Vivado/2017.3/data/ip'.
file mkdir D:/ME/FPGA CD_rev2_1/dc_motor/uygulama_1/dc_motor_1/dc_motor_1.srcs/sources_1/new
file mkdir D:/ME/FPGA CD_rev2_1/dc_motor/uygulama_1/dc_motor_1/dc_motor_1.srcs/sources_1/new
file mkdir D:/ME/FPGA CD_rev2_1/dc_motor/uygulama_1/dc_motor_1/dc_motor_1.srcs/sources_1/new
file mkdir D:/ME/FPGA CD_rev2_1/dc_motor/uygulama_1/dc_motor_1/dc_motor_1.srcs/sources_1/new
file mkdir D:/ME/FPGA CD_rev2_1/dc_motor/uygulama_1/dc_motor_1/dc_motor_1.srcs/sources_1/new
file mkdir D:/ME/FPGA CD_rev2_1/dc_motor/uygulama_1/dc_motor_1/dc_motor_1.srcs/sources_1/new
file mkdir {D:/ME/FPGA CD_rev2_1/dc_motor/uygulama_1/dc_motor_1/dc_motor_1.srcs/sources_1/new}
close [ open {D:/ME/FPGA CD_rev2_1/dc_motor/uygulama_1/dc_motor_1/dc_motor_1.srcs/sources_1/new/dc_motor.vhd} w ]
add_files {{D:/ME/FPGA CD_rev2_1/dc_motor/uygulama_1/dc_motor_1/dc_motor_1.srcs/sources_1/new/dc_motor.vhd}}
update_compile_order -fileset sources_1
launch_runs impl_1 -to_step write_bitstream -jobs 4
[Sat Jul  7 12:25:12 2018] Launched synth_1...
Run output will be captured here: D:/ME/FPGA CD_rev2_1/dc_motor/uygulama_1/dc_motor_1/dc_motor_1.runs/synth_1/runme.log
[Sat Jul  7 12:25:12 2018] Launched impl_1...
Run output will be captured here: D:/ME/FPGA CD_rev2_1/dc_motor/uygulama_1/dc_motor_1/dc_motor_1.runs/impl_1/runme.log
open_hw
connect_hw_server
INFO: [Labtools 27-2285] Connecting to hw_server url TCP:localhost:3121
INFO: [Labtools 27-2222] Launching hw_server...
INFO: [Labtools 27-2221] Launch Output:

****** Xilinx hw_server v2017.3
  **** Build date : Oct  4 2017-20:12:17
    ** Copyright 1986-2017 Xilinx, Inc. All Rights Reserved.


open_hw_target
INFO: [Labtoolstcl 44-466] Opening hw_target localhost:3121/xilinx_tcf/Digilent/210183A76052A
set_property PROGRAM.FILE {D:/ME/FPGA CD_rev2_1/dc_motor/uygulama_1/dc_motor_1/dc_motor_1.runs/impl_1/dc_motor.bit} [get_hw_devices xc7a35t_0]
current_hw_device [get_hw_devices xc7a35t_0]
refresh_hw_device -update_hw_probes false [lindex [get_hw_devices xc7a35t_0] 0]
INFO: [Labtools 27-1434] Device xc7a35t (JTAG device index = 0) is programmed with a design that has no supported debug core(s) in it.
WARNING: [Labtools 27-3361] The debug hub core was not detected.
Resolution: 
1. Make sure the clock connected to the debug hub (dbg_hub) core is a free running clock and is active.
2. Make sure the BSCAN_SWITCH_USER_MASK device property in Vivado Hardware Manager reflects the user scan chain setting in the design and refresh the device.  To determine the user scan chain setting in the design, open the implemented design and use 'get_property C_USER_SCAN_CHAIN [get_debug_cores dbg_hub]'.
For more details on setting the scan chain property, consult the Vivado Debug and Programming User Guide (UG908).
set_property PROBES.FILE {} [get_hw_devices xc7a35t_0]
set_property FULL_PROBES.FILE {} [get_hw_devices xc7a35t_0]
set_property PROGRAM.FILE {D:/ME/FPGA CD_rev2_1/dc_motor/uygulama_1/dc_motor_1/dc_motor_1.runs/impl_1/dc_motor.bit} [get_hw_devices xc7a35t_0]
program_hw_devices [get_hw_devices xc7a35t_0]
INFO: [Labtools 27-3164] End of startup status: HIGH
refresh_hw_device [lindex [get_hw_devices xc7a35t_0] 0]
INFO: [Labtools 27-1434] Device xc7a35t (JTAG device index = 0) is programmed with a design that has no supported debug core(s) in it.
WARNING: [Labtools 27-3361] The debug hub core was not detected.
Resolution: 
1. Make sure the clock connected to the debug hub (dbg_hub) core is a free running clock and is active.
2. Make sure the BSCAN_SWITCH_USER_MASK device property in Vivado Hardware Manager reflects the user scan chain setting in the design and refresh the device.  To determine the user scan chain setting in the design, open the implemented design and use 'get_property C_USER_SCAN_CHAIN [get_debug_cores dbg_hub]'.
For more details on setting the scan chain property, consult the Vivado Debug and Programming User Guide (UG908).
ERROR: [Labtoolstcl 44-513] HW Target shutdown. Closing target: localhost:3121/xilinx_tcf/Digilent/210183A76052A
close_hw
close_project
create_project dc_motor_encoder {D:/ME/FPGA CD_rev2_1/dc_motor/uygulama_2/dc_motor_encoder} -part xc7a35tcpg236-1
INFO: [IP_Flow 19-234] Refreshing IP repositories
INFO: [IP_Flow 19-1704] No user IP repositories specified
INFO: [IP_Flow 19-2313] Loaded Vivado IP repository 'C:/Xilinx/Vivado/2017.3/data/ip'.
set_property target_language VHDL [current_project]
file mkdir D:/ME/FPGA CD_rev2_1/dc_motor/uygulama_2/dc_motor_encoder/dc_motor_encoder.srcs/sources_1/new
file mkdir D:/ME/FPGA CD_rev2_1/dc_motor/uygulama_2/dc_motor_encoder/dc_motor_encoder.srcs/sources_1/new
file mkdir D:/ME/FPGA CD_rev2_1/dc_motor/uygulama_2/dc_motor_encoder/dc_motor_encoder.srcs/sources_1/new
file mkdir D:/ME/FPGA CD_rev2_1/dc_motor/uygulama_2/dc_motor_encoder/dc_motor_encoder.srcs/sources_1/new
file mkdir D:/ME/FPGA CD_rev2_1/dc_motor/uygulama_2/dc_motor_encoder/dc_motor_encoder.srcs/sources_1/new
file mkdir D:/ME/FPGA CD_rev2_1/dc_motor/uygulama_2/dc_motor_encoder/dc_motor_encoder.srcs/sources_1/new
file mkdir {D:/ME/FPGA CD_rev2_1/dc_motor/uygulama_2/dc_motor_encoder/dc_motor_encoder.srcs/sources_1/new}
close [ open {D:/ME/FPGA CD_rev2_1/dc_motor/uygulama_2/dc_motor_encoder/dc_motor_encoder.srcs/sources_1/new/dc_motor_encoder.vhd} w ]
add_files {{D:/ME/FPGA CD_rev2_1/dc_motor/uygulama_2/dc_motor_encoder/dc_motor_encoder.srcs/sources_1/new/dc_motor_encoder.vhd}}
update_compile_order -fileset sources_1
add_files -fileset constrs_1 -norecurse {{D:/ME/FPGA CD_rev2_1/deney8_LCD/Uygulama1/deney8_LCD.srcs/constrs_1/imports/Desktop/Basys3_Master.xdc}}
import_files -fileset constrs_1 {{D:/ME/FPGA CD_rev2_1/deney8_LCD/Uygulama1/deney8_LCD.srcs/constrs_1/imports/Desktop/Basys3_Master.xdc}}
launch_runs impl_1 -to_step write_bitstream -jobs 4
[Sat Jul  7 13:32:14 2018] Launched synth_1...
Run output will be captured here: D:/ME/FPGA CD_rev2_1/dc_motor/uygulama_2/dc_motor_encoder/dc_motor_encoder.runs/synth_1/runme.log
[Sat Jul  7 13:32:14 2018] Launched impl_1...
Run output will be captured here: D:/ME/FPGA CD_rev2_1/dc_motor/uygulama_2/dc_motor_encoder/dc_motor_encoder.runs/impl_1/runme.log
open_hw
connect_hw_server
INFO: [Labtools 27-2285] Connecting to hw_server url TCP:localhost:3121
INFO: [Labtools 27-2222] Launching hw_server...
INFO: [Labtools 27-2221] Launch Output:

****** Xilinx hw_server v2017.3
  **** Build date : Oct  4 2017-20:12:17
    ** Copyright 1986-2017 Xilinx, Inc. All Rights Reserved.


open_hw_target
INFO: [Labtoolstcl 44-466] Opening hw_target localhost:3121/xilinx_tcf/Digilent/210183A76052A
set_property PROGRAM.FILE {D:/ME/FPGA CD_rev2_1/dc_motor/uygulama_2/dc_motor_encoder/dc_motor_encoder.runs/impl_1/dc_motor_encoder.bit} [get_hw_devices xc7a35t_0]
current_hw_device [get_hw_devices xc7a35t_0]
refresh_hw_device -update_hw_probes false [lindex [get_hw_devices xc7a35t_0] 0]
INFO: [Labtools 27-1435] Device xc7a35t (JTAG device index = 0) is not programmed (DONE status = 0).
set_property PROBES.FILE {} [get_hw_devices xc7a35t_0]
set_property FULL_PROBES.FILE {} [get_hw_devices xc7a35t_0]
set_property PROGRAM.FILE {D:/ME/FPGA CD_rev2_1/dc_motor/uygulama_2/dc_motor_encoder/dc_motor_encoder.runs/impl_1/dc_motor_encoder.bit} [get_hw_devices xc7a35t_0]
program_hw_devices [get_hw_devices xc7a35t_0]
INFO: [Labtools 27-3164] End of startup status: HIGH
refresh_hw_device [lindex [get_hw_devices xc7a35t_0] 0]
INFO: [Labtools 27-1434] Device xc7a35t (JTAG device index = 0) is programmed with a design that has no supported debug core(s) in it.
WARNING: [Labtools 27-3361] The debug hub core was not detected.
Resolution: 
1. Make sure the clock connected to the debug hub (dbg_hub) core is a free running clock and is active.
2. Make sure the BSCAN_SWITCH_USER_MASK device property in Vivado Hardware Manager reflects the user scan chain setting in the design and refresh the device.  To determine the user scan chain setting in the design, open the implemented design and use 'get_property C_USER_SCAN_CHAIN [get_debug_cores dbg_hub]'.
For more details on setting the scan chain property, consult the Vivado Debug and Programming User Guide (UG908).
exit
INFO: [Common 17-206] Exiting Vivado at Sat Jul  7 13:40:01 2018...
