Copyright 1986-2017 Xilinx, Inc. All Rights Reserved.
--------------------------------------------------------------------------------------------------------------------------------------------------------------------------------
| Tool Version : Vivado v.2017.3 (win64) Build 2018833 Wed Oct  4 19:58:22 MDT 2017
| Date         : Mon Aug 13 20:01:22 2018
| Host         : A00134636 running 64-bit Service Pack 1  (build 7601)
| Command      : report_methodology -file hesap_makinasi_methodology_drc_routed.rpt -pb hesap_makinasi_methodology_drc_routed.pb -rpx hesap_makinasi_methodology_drc_routed.rpx
| Design       : hesap_makinasi
| Device       : xc7a35tcpg236-1
| Speed File   : -1
| Design State : Routed
--------------------------------------------------------------------------------------------------------------------------------------------------------------------------------

Report Methodology

Table of Contents
-----------------
1. REPORT SUMMARY
2. REPORT DETAILS

1. REPORT SUMMARY
-----------------
            Netlist: netlist
          Floorplan: design_1
      Design limits: <entire design considered>
             Max violations: <unlimited>
             Violations found: 49
+-----------+----------+-------------------------------+------------+
| Rule      | Severity | Description                   | Violations |
+-----------+----------+-------------------------------+------------+
| TIMING-18 | Warning  | Missing input or output delay | 13         |
| TIMING-20 | Warning  | Non-clocked latch             | 36         |
+-----------+----------+-------------------------------+------------+

2. REPORT DETAILS
-----------------
TIMING-18#1 Warning
Missing input or output delay  
An input delay is missing on anot[0] relative to clock(s) sys_clk_pin
Related violations: <none>

TIMING-18#2 Warning
Missing input or output delay  
An input delay is missing on anot[1] relative to clock(s) sys_clk_pin
Related violations: <none>

TIMING-18#3 Warning
Missing input or output delay  
An input delay is missing on anot[2] relative to clock(s) sys_clk_pin
Related violations: <none>

TIMING-18#4 Warning
Missing input or output delay  
An input delay is missing on anot[3] relative to clock(s) sys_clk_pin
Related violations: <none>

TIMING-18#5 Warning
Missing input or output delay  
An input delay is missing on anot_per[0] relative to clock(s) sys_clk_pin
Related violations: <none>

TIMING-18#6 Warning
Missing input or output delay  
An input delay is missing on anot_per[1] relative to clock(s) sys_clk_pin
Related violations: <none>

TIMING-18#7 Warning
Missing input or output delay  
An input delay is missing on anot_per[2] relative to clock(s) sys_clk_pin
Related violations: <none>

TIMING-18#8 Warning
Missing input or output delay  
An input delay is missing on anot_per[3] relative to clock(s) sys_clk_pin
Related violations: <none>

TIMING-18#9 Warning
Missing input or output delay  
An input delay is missing on bolme relative to clock(s) sys_clk_pin
Related violations: <none>

TIMING-18#10 Warning
Missing input or output delay  
An input delay is missing on gelen1[0] relative to clock(s) sys_clk_pin
Related violations: <none>

TIMING-18#11 Warning
Missing input or output delay  
An input delay is missing on gelen1[1] relative to clock(s) sys_clk_pin
Related violations: <none>

TIMING-18#12 Warning
Missing input or output delay  
An input delay is missing on gelen1[2] relative to clock(s) sys_clk_pin
Related violations: <none>

TIMING-18#13 Warning
Missing input or output delay  
An input delay is missing on gelen1[3] relative to clock(s) sys_clk_pin
Related violations: <none>

TIMING-20#1 Warning
Non-clocked latch  
The latch Inst_giris/led_reg[0] cannot be properly analyzed as its control pin Inst_giris/led_reg[0]/G is not reached by a timing clock
Related violations: <none>

TIMING-20#2 Warning
Non-clocked latch  
The latch Inst_giris/led_reg[1] cannot be properly analyzed as its control pin Inst_giris/led_reg[1]/G is not reached by a timing clock
Related violations: <none>

TIMING-20#3 Warning
Non-clocked latch  
The latch Inst_giris/led_reg[2] cannot be properly analyzed as its control pin Inst_giris/led_reg[2]/G is not reached by a timing clock
Related violations: <none>

TIMING-20#4 Warning
Non-clocked latch  
The latch Inst_giris/led_reg[3] cannot be properly analyzed as its control pin Inst_giris/led_reg[3]/G is not reached by a timing clock
Related violations: <none>

TIMING-20#5 Warning
Non-clocked latch  
The latch Inst_giris/led_reg[4] cannot be properly analyzed as its control pin Inst_giris/led_reg[4]/G is not reached by a timing clock
Related violations: <none>

TIMING-20#6 Warning
Non-clocked latch  
The latch Inst_giris/led_reg[5] cannot be properly analyzed as its control pin Inst_giris/led_reg[5]/G is not reached by a timing clock
Related violations: <none>

TIMING-20#7 Warning
Non-clocked latch  
The latch Inst_giris/led_reg[6] cannot be properly analyzed as its control pin Inst_giris/led_reg[6]/G is not reached by a timing clock
Related violations: <none>

TIMING-20#8 Warning
Non-clocked latch  
The latch Inst_harici_gosterge/dp_reg cannot be properly analyzed as its control pin Inst_harici_gosterge/dp_reg/G is not reached by a timing clock
Related violations: <none>

TIMING-20#9 Warning
Non-clocked latch  
The latch Inst_harici_gosterge/katot_reg[0] cannot be properly analyzed as its control pin Inst_harici_gosterge/katot_reg[0]/G is not reached by a timing clock
Related violations: <none>

TIMING-20#10 Warning
Non-clocked latch  
The latch Inst_harici_gosterge/katot_reg[1] cannot be properly analyzed as its control pin Inst_harici_gosterge/katot_reg[1]/G is not reached by a timing clock
Related violations: <none>

TIMING-20#11 Warning
Non-clocked latch  
The latch Inst_harici_gosterge/katot_reg[2] cannot be properly analyzed as its control pin Inst_harici_gosterge/katot_reg[2]/G is not reached by a timing clock
Related violations: <none>

TIMING-20#12 Warning
Non-clocked latch  
The latch Inst_harici_gosterge/katot_reg[3] cannot be properly analyzed as its control pin Inst_harici_gosterge/katot_reg[3]/G is not reached by a timing clock
Related violations: <none>

TIMING-20#13 Warning
Non-clocked latch  
The latch Inst_harici_gosterge/katot_reg[4] cannot be properly analyzed as its control pin Inst_harici_gosterge/katot_reg[4]/G is not reached by a timing clock
Related violations: <none>

TIMING-20#14 Warning
Non-clocked latch  
The latch Inst_harici_gosterge/katot_reg[5] cannot be properly analyzed as its control pin Inst_harici_gosterge/katot_reg[5]/G is not reached by a timing clock
Related violations: <none>

TIMING-20#15 Warning
Non-clocked latch  
The latch Inst_harici_gosterge/katot_reg[6] cannot be properly analyzed as its control pin Inst_harici_gosterge/katot_reg[6]/G is not reached by a timing clock
Related violations: <none>

TIMING-20#16 Warning
Non-clocked latch  
The latch Inst_harici_gosterge/sayi_binlik_reg[0] cannot be properly analyzed as its control pin Inst_harici_gosterge/sayi_binlik_reg[0]/G is not reached by a timing clock
Related violations: <none>

TIMING-20#17 Warning
Non-clocked latch  
The latch Inst_harici_gosterge/sayi_birlik_reg[0] cannot be properly analyzed as its control pin Inst_harici_gosterge/sayi_birlik_reg[0]/G is not reached by a timing clock
Related violations: <none>

TIMING-20#18 Warning
Non-clocked latch  
The latch Inst_harici_gosterge/sayi_birlik_reg[1] cannot be properly analyzed as its control pin Inst_harici_gosterge/sayi_birlik_reg[1]/G is not reached by a timing clock
Related violations: <none>

TIMING-20#19 Warning
Non-clocked latch  
The latch Inst_harici_gosterge/sayi_birlik_reg[2] cannot be properly analyzed as its control pin Inst_harici_gosterge/sayi_birlik_reg[2]/G is not reached by a timing clock
Related violations: <none>

TIMING-20#20 Warning
Non-clocked latch  
The latch Inst_harici_gosterge/sayi_birlik_reg[3] cannot be properly analyzed as its control pin Inst_harici_gosterge/sayi_birlik_reg[3]/G is not reached by a timing clock
Related violations: <none>

TIMING-20#21 Warning
Non-clocked latch  
The latch Inst_harici_gosterge/sayi_onluk_reg[0] cannot be properly analyzed as its control pin Inst_harici_gosterge/sayi_onluk_reg[0]/G is not reached by a timing clock
Related violations: <none>

TIMING-20#22 Warning
Non-clocked latch  
The latch Inst_harici_gosterge/sayi_onluk_reg[1] cannot be properly analyzed as its control pin Inst_harici_gosterge/sayi_onluk_reg[1]/G is not reached by a timing clock
Related violations: <none>

TIMING-20#23 Warning
Non-clocked latch  
The latch Inst_harici_gosterge/sayi_onluk_reg[2] cannot be properly analyzed as its control pin Inst_harici_gosterge/sayi_onluk_reg[2]/G is not reached by a timing clock
Related violations: <none>

TIMING-20#24 Warning
Non-clocked latch  
The latch Inst_harici_gosterge/sayi_onluk_reg[3] cannot be properly analyzed as its control pin Inst_harici_gosterge/sayi_onluk_reg[3]/G is not reached by a timing clock
Related violations: <none>

TIMING-20#25 Warning
Non-clocked latch  
The latch Inst_harici_gosterge/sayi_yuzluk_reg[0] cannot be properly analyzed as its control pin Inst_harici_gosterge/sayi_yuzluk_reg[0]/G is not reached by a timing clock
Related violations: <none>

TIMING-20#26 Warning
Non-clocked latch  
The latch Inst_harici_gosterge/sayi_yuzluk_reg[1] cannot be properly analyzed as its control pin Inst_harici_gosterge/sayi_yuzluk_reg[1]/G is not reached by a timing clock
Related violations: <none>

TIMING-20#27 Warning
Non-clocked latch  
The latch Inst_harici_gosterge/sayi_yuzluk_reg[2] cannot be properly analyzed as its control pin Inst_harici_gosterge/sayi_yuzluk_reg[2]/G is not reached by a timing clock
Related violations: <none>

TIMING-20#28 Warning
Non-clocked latch  
The latch Inst_harici_gosterge/sayi_yuzluk_reg[3] cannot be properly analyzed as its control pin Inst_harici_gosterge/sayi_yuzluk_reg[3]/G is not reached by a timing clock
Related violations: <none>

TIMING-20#29 Warning
Non-clocked latch  
The latch Inst_islem_blogu/bolen_reg[0] cannot be properly analyzed as its control pin Inst_islem_blogu/bolen_reg[0]/G is not reached by a timing clock
Related violations: <none>

TIMING-20#30 Warning
Non-clocked latch  
The latch Inst_islem_blogu/bolen_reg[1] cannot be properly analyzed as its control pin Inst_islem_blogu/bolen_reg[1]/G is not reached by a timing clock
Related violations: <none>

TIMING-20#31 Warning
Non-clocked latch  
The latch Inst_islem_blogu/bolen_reg[2] cannot be properly analyzed as its control pin Inst_islem_blogu/bolen_reg[2]/G is not reached by a timing clock
Related violations: <none>

TIMING-20#32 Warning
Non-clocked latch  
The latch Inst_islem_blogu/bolen_reg[3] cannot be properly analyzed as its control pin Inst_islem_blogu/bolen_reg[3]/G is not reached by a timing clock
Related violations: <none>

TIMING-20#33 Warning
Non-clocked latch  
The latch Inst_islem_blogu/bolunen_reg[0]_LDC cannot be properly analyzed as its control pin Inst_islem_blogu/bolunen_reg[0]_LDC/G is not reached by a timing clock
Related violations: <none>

TIMING-20#34 Warning
Non-clocked latch  
The latch Inst_islem_blogu/bolunen_reg[1]_LDC cannot be properly analyzed as its control pin Inst_islem_blogu/bolunen_reg[1]_LDC/G is not reached by a timing clock
Related violations: <none>

TIMING-20#35 Warning
Non-clocked latch  
The latch Inst_islem_blogu/bolunen_reg[2]_LDC cannot be properly analyzed as its control pin Inst_islem_blogu/bolunen_reg[2]_LDC/G is not reached by a timing clock
Related violations: <none>

TIMING-20#36 Warning
Non-clocked latch  
The latch Inst_islem_blogu/bolunen_reg[3]_LDC cannot be properly analyzed as its control pin Inst_islem_blogu/bolunen_reg[3]_LDC/G is not reached by a timing clock
Related violations: <none>


