Copyright 1986-2017 Xilinx, Inc. All Rights Reserved.
-------------------------------------------------------------------------------------------------------------------------------------------------------
| Tool Version : Vivado v.2017.3 (win64) Build 2018833 Wed Oct  4 19:58:22 MDT 2017
| Date         : Mon Aug 13 20:01:23 2018
| Host         : A00134636 running 64-bit Service Pack 1  (build 7601)
| Command      : report_timing_summary -file hesap_makinasi_timing_summary_routed.rpt -warn_on_violation -rpx hesap_makinasi_timing_summary_routed.rpx
| Design       : hesap_makinasi
| Device       : 7a35t-cpg236
| Speed File   : -1  PRODUCTION 1.19 2017-08-11
-------------------------------------------------------------------------------------------------------------------------------------------------------

Timing Summary Report

------------------------------------------------------------------------------------------------
| Timer Settings
| --------------
------------------------------------------------------------------------------------------------

  Enable Multi Corner Analysis               :  Yes
  Enable Pessimism Removal                   :  Yes
  Pessimism Removal Resolution               :  Nearest Common Node
  Enable Input Delay Default Clock           :  No
  Enable Preset / Clear Arcs                 :  No
  Disable Flight Delays                      :  No
  Ignore I/O Paths                           :  No
  Timing Early Launch at Borrowing Latches   :  false

  Corner  Analyze    Analyze    
  Name    Max Paths  Min Paths  
  ------  ---------  ---------  
  Slow    Yes        Yes        
  Fast    Yes        Yes        



check_timing report

Table of Contents
-----------------
1. checking no_clock
2. checking constant_clock
3. checking pulse_width_clock
4. checking unconstrained_internal_endpoints
5. checking no_input_delay
6. checking no_output_delay
7. checking multiple_clock
8. checking generated_clocks
9. checking loops
10. checking partial_input_delay
11. checking partial_output_delay
12. checking latch_loops

1. checking no_clock
--------------------
 There are 21 register/latch pins with no clock driven by root clock pin: bolme (HIGH)

 There are 13 register/latch pins with no clock driven by root clock pin: carpma (HIGH)

 There are 13 register/latch pins with no clock driven by root clock pin: cikarma (HIGH)

 There is 1 register/latch pin with no clock driven by root clock pin: gelen1[0] (HIGH)

 There is 1 register/latch pin with no clock driven by root clock pin: gelen1[1] (HIGH)

 There is 1 register/latch pin with no clock driven by root clock pin: gelen1[2] (HIGH)

 There is 1 register/latch pin with no clock driven by root clock pin: gelen1[3] (HIGH)

 There are 13 register/latch pins with no clock driven by root clock pin: toplama (HIGH)

 There are 7 register/latch pins with no clock driven by root clock pin: Inst_giris/counter_reg[15]/Q (HIGH)

 There are 7 register/latch pins with no clock driven by root clock pin: Inst_giris/counter_reg[16]/Q (HIGH)

 There are 8 register/latch pins with no clock driven by root clock pin: Inst_harici_gosterge/counter_reg[16]/Q (HIGH)

 There are 8 register/latch pins with no clock driven by root clock pin: Inst_harici_gosterge/counter_reg[17]/Q (HIGH)


2. checking constant_clock
--------------------------
 There are 0 register/latch pins with constant_clock.


3. checking pulse_width_clock
-----------------------------
 There are 0 register/latch pins which need pulse_width check


4. checking unconstrained_internal_endpoints
--------------------------------------------
 There are 36 pins that are not constrained for maximum delay. (HIGH)

 There are 0 pins that are not constrained for maximum delay due to constant clock.


5. checking no_input_delay
--------------------------
 There are 12 input ports with no input delay specified. (HIGH)

 There are 0 input ports with no input delay but user has a false path constraint.


6. checking no_output_delay
---------------------------
 There are 23 ports with no output delay specified. (HIGH)

 There are 0 ports with no output delay but user has a false path constraint

 There are 0 ports with no output delay but with a timing clock defined on it or propagating through it


7. checking multiple_clock
--------------------------
 There are 0 register/latch pins with multiple clocks.


8. checking generated_clocks
----------------------------
 There are 0 generated clocks that are not connected to a clock source.


9. checking loops
-----------------
 There are 0 combinational loops in the design.


10. checking partial_input_delay
--------------------------------
 There are 0 input ports with partial input delay specified.


11. checking partial_output_delay
---------------------------------
 There are 0 ports with partial output delay specified.


12. checking latch_loops
------------------------
 There are 0 combinational latch loops in the design through latch input



------------------------------------------------------------------------------------------------
| Design Timing Summary
| ---------------------
------------------------------------------------------------------------------------------------

    WNS(ns)      TNS(ns)  TNS Failing Endpoints  TNS Total Endpoints      WHS(ns)      THS(ns)  THS Failing Endpoints  THS Total Endpoints     WPWS(ns)     TPWS(ns)  TPWS Failing Endpoints  TPWS Total Endpoints  
    -------      -------  ---------------------  -------------------      -------      -------  ---------------------  -------------------     --------     --------  ----------------------  --------------------  
      5.285        0.000                      0                   63        0.180        0.000                      0                   63        4.500        0.000                       0                    52  


All user specified timing constraints are met.


------------------------------------------------------------------------------------------------
| Clock Summary
| -------------
------------------------------------------------------------------------------------------------

Clock        Waveform(ns)       Period(ns)      Frequency(MHz)
-----        ------------       ----------      --------------
sys_clk_pin  {0.000 5.000}      10.000          100.000         


------------------------------------------------------------------------------------------------
| Intra Clock Table
| -----------------
------------------------------------------------------------------------------------------------

Clock             WNS(ns)      TNS(ns)  TNS Failing Endpoints  TNS Total Endpoints      WHS(ns)      THS(ns)  THS Failing Endpoints  THS Total Endpoints     WPWS(ns)     TPWS(ns)  TPWS Failing Endpoints  TPWS Total Endpoints  
-----             -------      -------  ---------------------  -------------------      -------      -------  ---------------------  -------------------     --------     --------  ----------------------  --------------------  
sys_clk_pin         5.285        0.000                      0                   63        0.180        0.000                      0                   63        4.500        0.000                       0                    52  


------------------------------------------------------------------------------------------------
| Inter Clock Table
| -----------------
------------------------------------------------------------------------------------------------

From Clock    To Clock          WNS(ns)      TNS(ns)  TNS Failing Endpoints  TNS Total Endpoints      WHS(ns)      THS(ns)  THS Failing Endpoints  THS Total Endpoints  
----------    --------          -------      -------  ---------------------  -------------------      -------      -------  ---------------------  -------------------  


------------------------------------------------------------------------------------------------
| Other Path Groups Table
| -----------------------
------------------------------------------------------------------------------------------------

Path Group    From Clock    To Clock          WNS(ns)      TNS(ns)  TNS Failing Endpoints  TNS Total Endpoints      WHS(ns)      THS(ns)  THS Failing Endpoints  THS Total Endpoints  
----------    ----------    --------          -------      -------  ---------------------  -------------------      -------      -------  ---------------------  -------------------  


------------------------------------------------------------------------------------------------
| Timing Details
| --------------
------------------------------------------------------------------------------------------------


---------------------------------------------------------------------------------------------------
From Clock:  sys_clk_pin
  To Clock:  sys_clk_pin

Setup :            0  Failing Endpoints,  Worst Slack        5.285ns,  Total Violation        0.000ns
Hold  :            0  Failing Endpoints,  Worst Slack        0.180ns,  Total Violation        0.000ns
PW    :            0  Failing Endpoints,  Worst Slack        4.500ns,  Total Violation        0.000ns
---------------------------------------------------------------------------------------------------


Max Delay Paths
--------------------------------------------------------------------------------------
Slack (MET) :             5.285ns  (required time - arrival time)
  Source:                 Inst_islem_blogu/bolunen_reg[1]_C/C
                            (rising edge-triggered cell FDCE clocked by sys_clk_pin  {rise@0.000ns fall@5.000ns period=10.000ns})
  Destination:            Inst_islem_blogu/bolunen_reg[3]_P/CE
                            (rising edge-triggered cell FDPE clocked by sys_clk_pin  {rise@0.000ns fall@5.000ns period=10.000ns})
  Path Group:             sys_clk_pin
  Path Type:              Setup (Max at Slow Process Corner)
  Requirement:            10.000ns  (sys_clk_pin rise@10.000ns - sys_clk_pin rise@0.000ns)
  Data Path Delay:        4.450ns  (logic 1.138ns (25.574%)  route 3.312ns (74.426%))
  Logic Levels:           5  (LUT1=1 LUT3=1 LUT5=2 LUT6=1)
  Clock Path Skew:        -0.025ns (DCD - SCD + CPR)
    Destination Clock Delay (DCD):    4.850ns = ( 14.850 - 10.000 ) 
    Source Clock Delay      (SCD):    5.148ns
    Clock Pessimism Removal (CPR):    0.273ns
  Clock Uncertainty:      0.035ns  ((TSJ^2 + TIJ^2)^1/2 + DJ) / 2 + PE
    Total System Jitter     (TSJ):    0.071ns
    Total Input Jitter      (TIJ):    0.000ns
    Discrete Jitter          (DJ):    0.000ns
    Phase Error              (PE):    0.000ns

    Location             Delay type                Incr(ns)  Path(ns)    Netlist Resource(s)
  -------------------------------------------------------------------    -------------------
                         (clock sys_clk_pin rise edge)
                                                      0.000     0.000 r  
    W5                                                0.000     0.000 r  clock (IN)
                         net (fo=0)                   0.000     0.000    clock
    W5                   IBUF (Prop_ibuf_I_O)         1.458     1.458 r  clock_IBUF_inst/O
                         net (fo=1, routed)           1.967     3.425    clock_IBUF
    BUFGCTRL_X0Y0        BUFG (Prop_bufg_I_O)         0.096     3.521 r  clock_IBUF_BUFG_inst/O
                         net (fo=51, routed)          1.627     5.148    Inst_islem_blogu/CLK
    SLICE_X6Y33          FDCE                                         r  Inst_islem_blogu/bolunen_reg[1]_C/C
  -------------------------------------------------------------------    -------------------
    SLICE_X6Y33          FDCE (Prop_fdce_C_Q)         0.518     5.666 r  Inst_islem_blogu/bolunen_reg[1]_C/Q
                         net (fo=2, routed)           0.530     6.196    Inst_islem_blogu/bolunen_reg[1]_C_n_0
    SLICE_X6Y33          LUT3 (Prop_lut3_I2_O)        0.124     6.320 r  Inst_islem_blogu/sayi_sonuc_kalan[1]_i_1/O
                         net (fo=3, routed)           0.355     6.676    Inst_islem_blogu/bolunen[1]
    SLICE_X7Y33          LUT6 (Prop_lut6_I0_O)        0.124     6.800 f  Inst_islem_blogu/bolunen[2]_P_i_2/O
                         net (fo=3, routed)           0.669     7.469    Inst_islem_blogu/bolunen[2]_P_i_2_n_0
    SLICE_X6Y34          LUT5 (Prop_lut5_I0_O)        0.124     7.593 f  Inst_islem_blogu/sayi_sonuc_kalan[3]_i_3/O
                         net (fo=3, routed)           0.451     8.044    Inst_islem_blogu/sayi_sonuc_kalan[3]_i_3_n_0
    SLICE_X5Y32          LUT5 (Prop_lut5_I4_O)        0.124     8.168 f  Inst_islem_blogu/sayi_sonuc_kalan[3]_i_1/O
                         net (fo=8, routed)           0.492     8.660    Inst_islem_blogu/sayi_sonuc_kalan[3]_i_1_n_0
    SLICE_X5Y33          LUT1 (Prop_lut1_I0_O)        0.124     8.784 r  Inst_islem_blogu/bolunen[3]_P_i_1/O
                         net (fo=8, routed)           0.814     9.598    Inst_islem_blogu/bolunen[3]_P_i_1_n_0
    SLICE_X4Y32          FDPE                                         r  Inst_islem_blogu/bolunen_reg[3]_P/CE
  -------------------------------------------------------------------    -------------------

                         (clock sys_clk_pin rise edge)
                                                     10.000    10.000 r  
    W5                                                0.000    10.000 r  clock (IN)
                         net (fo=0)                   0.000    10.000    clock
    W5                   IBUF (Prop_ibuf_I_O)         1.388    11.388 r  clock_IBUF_inst/O
                         net (fo=1, routed)           1.862    13.250    clock_IBUF
    BUFGCTRL_X0Y0        BUFG (Prop_bufg_I_O)         0.091    13.341 r  clock_IBUF_BUFG_inst/O
                         net (fo=51, routed)          1.509    14.850    Inst_islem_blogu/CLK
    SLICE_X4Y32          FDPE                                         r  Inst_islem_blogu/bolunen_reg[3]_P/C
                         clock pessimism              0.273    15.123    
                         clock uncertainty           -0.035    15.088    
    SLICE_X4Y32          FDPE (Setup_fdpe_C_CE)      -0.205    14.883    Inst_islem_blogu/bolunen_reg[3]_P
  -------------------------------------------------------------------
                         required time                         14.883    
                         arrival time                          -9.598    
  -------------------------------------------------------------------
                         slack                                  5.285    





Min Delay Paths
--------------------------------------------------------------------------------------
Slack (MET) :             0.180ns  (arrival time - required time)
  Source:                 Inst_islem_blogu/bolunen_reg[2]_P/C
                            (rising edge-triggered cell FDPE clocked by sys_clk_pin  {rise@0.000ns fall@5.000ns period=10.000ns})
  Destination:            Inst_islem_blogu/sayi_sonuc_kalan_reg[2]/D
                            (rising edge-triggered cell FDCE clocked by sys_clk_pin  {rise@0.000ns fall@5.000ns period=10.000ns})
  Path Group:             sys_clk_pin
  Path Type:              Hold (Min at Fast Process Corner)
  Requirement:            0.000ns  (sys_clk_pin rise@0.000ns - sys_clk_pin rise@0.000ns)
  Data Path Delay:        0.284ns  (logic 0.186ns (65.536%)  route 0.098ns (34.464%))
  Logic Levels:           1  (LUT3=1)
  Clock Path Skew:        0.013ns (DCD - SCD - CPR)
    Destination Clock Delay (DCD):    1.985ns
    Source Clock Delay      (SCD):    1.472ns
    Clock Pessimism Removal (CPR):    0.500ns

    Location             Delay type                Incr(ns)  Path(ns)    Netlist Resource(s)
  -------------------------------------------------------------------    -------------------
                         (clock sys_clk_pin rise edge)
                                                      0.000     0.000 r  
    W5                                                0.000     0.000 r  clock (IN)
                         net (fo=0)                   0.000     0.000    clock
    W5                   IBUF (Prop_ibuf_I_O)         0.226     0.226 r  clock_IBUF_inst/O
                         net (fo=1, routed)           0.631     0.858    clock_IBUF
    BUFGCTRL_X0Y0        BUFG (Prop_bufg_I_O)         0.026     0.884 r  clock_IBUF_BUFG_inst/O
                         net (fo=51, routed)          0.589     1.472    Inst_islem_blogu/CLK
    SLICE_X4Y34          FDPE                                         r  Inst_islem_blogu/bolunen_reg[2]_P/C
  -------------------------------------------------------------------    -------------------
    SLICE_X4Y34          FDPE (Prop_fdpe_C_Q)         0.141     1.613 r  Inst_islem_blogu/bolunen_reg[2]_P/Q
                         net (fo=4, routed)           0.098     1.711    Inst_islem_blogu/bolunen_reg[2]_P_n_0
    SLICE_X5Y34          LUT3 (Prop_lut3_I0_O)        0.045     1.756 r  Inst_islem_blogu/sayi_sonuc_kalan[2]_i_1/O
                         net (fo=1, routed)           0.000     1.756    Inst_islem_blogu/bolunen[2]
    SLICE_X5Y34          FDCE                                         r  Inst_islem_blogu/sayi_sonuc_kalan_reg[2]/D
  -------------------------------------------------------------------    -------------------

                         (clock sys_clk_pin rise edge)
                                                      0.000     0.000 r  
    W5                                                0.000     0.000 r  clock (IN)
                         net (fo=0)                   0.000     0.000    clock
    W5                   IBUF (Prop_ibuf_I_O)         0.414     0.414 r  clock_IBUF_inst/O
                         net (fo=1, routed)           0.685     1.099    clock_IBUF
    BUFGCTRL_X0Y0        BUFG (Prop_bufg_I_O)         0.029     1.128 r  clock_IBUF_BUFG_inst/O
                         net (fo=51, routed)          0.858     1.985    Inst_islem_blogu/CLK
    SLICE_X5Y34          FDCE                                         r  Inst_islem_blogu/sayi_sonuc_kalan_reg[2]/C
                         clock pessimism             -0.500     1.485    
    SLICE_X5Y34          FDCE (Hold_fdce_C_D)         0.091     1.576    Inst_islem_blogu/sayi_sonuc_kalan_reg[2]
  -------------------------------------------------------------------
                         required time                         -1.576    
                         arrival time                           1.756    
  -------------------------------------------------------------------
                         slack                                  0.180    





Pulse Width Checks
--------------------------------------------------------------------------------------
Clock Name:         sys_clk_pin
Waveform(ns):       { 0.000 5.000 }
Period(ns):         10.000
Sources:            { clock }

Check Type        Corner  Lib Pin  Reference Pin  Required(ns)  Actual(ns)  Slack(ns)  Location       Pin
Min Period        n/a     BUFG/I   n/a            2.155         10.000      7.845      BUFGCTRL_X0Y0  clock_IBUF_BUFG_inst/I
Low Pulse Width   Fast    FDRE/C   n/a            0.500         5.000       4.500      SLICE_X59Y23   Inst_giris/counter_reg[0]/C
High Pulse Width  Slow    FDRE/C   n/a            0.500         5.000       4.500      SLICE_X59Y23   Inst_giris/counter_reg[0]/C



